Flutter crash report.
Please report a bug at https://github.com/flutter/flutter/issues.

## command

flutter attach -d R5CXB2T7B7F

## exception

StateError: Bad state: Stream has already been listened to.

```
#0      _StreamController._subscribe (dart:async/stream_controller.dart:695:7)
#1      _ControllerStream._createSubscription (dart:async/stream_controller.dart:854:20)
#2      _StreamImpl.listen (dart:async/stream_impl.dart:516:42)
#3      new _ForwardingStreamSubscription (dart:async/stream_pipe.dart:141:37)
#4      _ForwardingStream._createSubscription (dart:async/stream_pipe.dart:105:16)
#5      _ForwardingStream.listen (dart:async/stream_pipe.dart:96:12)
#6      FlutterDevice.connect (package:flutter_tools/src/resident_runner.dart:244:35)
#7      ResidentRunner.connectToServiceProtocol (package:flutter_tools/src/resident_runner.dart:1309:21)
#8      HotRunner._attach (package:flutter_tools/src/run_hot.dart:255:13)
#9      HotRunner.attach (package:flutter_tools/src/run_hot.dart:240:12)
#10     AttachCommand._attachToDevice (package:flutter_tools/src/commands/attach.dart:414:31)
<asynchronous suspension>
#11     AttachCommand.runCommand (package:flutter_tools/src/commands/attach.dart:262:5)
<asynchronous suspension>
#12     FlutterCommand.run.<anonymous closure> (package:flutter_tools/src/runner/flutter_command.dart:1581:27)
<asynchronous suspension>
#13     AppContext.run.<anonymous closure> (package:flutter_tools/src/base/context.dart:154:19)
<asynchronous suspension>
#14     CommandRunner.runCommand (package:args/command_runner.dart:212:13)
<asynchronous suspension>
#15     FlutterCommandRunner.runCommand.<anonymous closure> (package:flutter_tools/src/runner/flutter_command_runner.dart:503:9)
<asynchronous suspension>
#16     AppContext.run.<anonymous closure> (package:flutter_tools/src/base/context.dart:154:19)
<asynchronous suspension>
#17     FlutterCommandRunner.runCommand (package:flutter_tools/src/runner/flutter_command_runner.dart:438:5)
<asynchronous suspension>
#18     run.<anonymous closure>.<anonymous closure> (package:flutter_tools/runner.dart:98:11)
<asynchronous suspension>
#19     AppContext.run.<anonymous closure> (package:flutter_tools/src/base/context.dart:154:19)
<asynchronous suspension>
#20     main (package:flutter_tools/executable.dart:101:3)
<asynchronous suspension>
```

## flutter doctor

```
[✓] Flutter (Channel stable, 3.35.3, on macOS 15.6.1 24G90 darwin-arm64, locale en-US) [130ms]
    • Flutter version 3.35.3 on channel stable at /opt/homebrew/share/flutter
    • Upstream repository https://github.com/flutter/flutter.git
    • Framework revision a402d9a437 (2 weeks ago), 2025-09-03 14:54:31 -0700
    • Engine revision ddf47dd3ff
    • Dart version 3.9.2
    • DevTools version 2.48.0
    • Feature flags: enable-web, enable-linux-desktop, enable-macos-desktop, enable-windows-desktop, enable-android, enable-ios, cli-animations, enable-lldb-debugging

[!] Android toolchain - develop for Android devices (Android SDK version 36.0.0) [576ms]
    • Android SDK at /Users/jet/Library/Android/sdk
    • Emulator version 35.6.11.0 (build_id 13610412) (CL:N/A)
    ✗ cmdline-tools component is missing.
      Try installing or updating Android Studio.
      Alternatively, download the tools from https://developer.android.com/studio#command-line-tools-only and make sure to set the ANDROID_HOME environment variable.
      See https://developer.android.com/studio/command-line for more details.
    ✗ Android license status unknown.
      Run `flutter doctor --android-licenses` to accept the SDK licenses.
      See https://flutter.dev/to/macos-android-setup for more details.

[✗] Xcode - develop for iOS and macOS [81ms]
    ✗ Xcode installation is incomplete; a full installation is necessary for iOS and macOS development.
      Download at: https://developer.apple.com/xcode/
      Or install Xcode via the App Store.
      Once installed, run:
        sudo xcode-select --switch /Applications/Xcode.app/Contents/Developer
        sudo xcodebuild -runFirstLaunch
    ✗ CocoaPods not installed.
        CocoaPods is a package manager for iOS or macOS platform code.
        Without CocoaPods, plugins will not work on iOS or macOS.
        For more info, see https://flutter.dev/to/platform-plugins
      For installation instructions, see https://guides.cocoapods.org/using/getting-started.html#installation

[✓] Chrome - develop for the web [33ms]
    • Chrome at /Applications/Google Chrome.app/Contents/MacOS/Google Chrome

[✓] Android Studio (version 2025.1) [33ms]
    • Android Studio at /Applications/Android Studio.app/Contents
    • Flutter plugin can be installed from:
      🔨 https://plugins.jetbrains.com/plugin/9212-flutter
    • Dart plugin can be installed from:
      🔨 https://plugins.jetbrains.com/plugin/6351-dart
    • Java version OpenJDK Runtime Environment (build 21.0.6+-13391695-b895.109)

[✓] Connected device (3 available) [258ms]
    • SM S928B (mobile) • R5CXB2T7B7F • android-arm64  • Android 15 (API 35)
    • macOS (desktop)   • macos       • darwin-arm64   • macOS 15.6.1 24G90 darwin-arm64
    • Chrome (web)      • chrome      • web-javascript • Google Chrome 140.0.7339.134

[✓] Network resources [959ms]
    • All expected network resources are available.

! Doctor found issues in 2 categories.
```
